
> pesantren-saas-api@1.0.0 start
> nest start

[32m[Nest] 21768  - [39m25/02/2026, 07.49.15 [32m    LOG[39m [38;5;3m[NestFactory] [39m[32mStarting Nest application...[39m
[32m[Nest] 21768  - [39m25/02/2026, 07.49.15 [32m    LOG[39m [38;5;3m[InstanceLoader] [39m[32mPrismaModule dependencies initialized[39m[38;5;3m +35ms[39m
[32m[Nest] 21768  - [39m25/02/2026, 07.49.15 [32m    LOG[39m [38;5;3m[InstanceLoader] [39m[32mPassportModule dependencies initialized[39m[38;5;3m +0ms[39m
[32m[Nest] 21768  - [39m25/02/2026, 07.49.15 [32m    LOG[39m [38;5;3m[InstanceLoader] [39m[32mThrottlerModule dependencies initialized[39m[38;5;3m +7ms[39m
[32m[Nest] 21768  - [39m25/02/2026, 07.49.15 [32m    LOG[39m [38;5;3m[InstanceLoader] [39m[32mJwtModule dependencies initialized[39m[38;5;3m +0ms[39m
[32m[Nest] 21768  - [39m25/02/2026, 07.49.15 [32m    LOG[39m [38;5;3m[InstanceLoader] [39m[32mConfigHostModule dependencies initialized[39m[38;5;3m +8ms[39m
[32m[Nest] 21768  - [39m25/02/2026, 07.49.15 [32m    LOG[39m [38;5;3m[InstanceLoader] [39m[32mDiscoveryModule dependencies initialized[39m[38;5;3m +1ms[39m
[32m[Nest] 21768  - [39m25/02/2026, 07.49.15 [32m    LOG[39m [38;5;3m[InstanceLoader] [39m[32mJobsModule dependencies initialized[39m[38;5;3m +0ms[39m
[32m[Nest] 21768  - [39m25/02/2026, 07.49.15 [32m    LOG[39m [38;5;3m[InstanceLoader] [39m[32mConfigModule dependencies initialized[39m[38;5;3m +2ms[39m
[32m[Nest] 21768  - [39m25/02/2026, 07.49.15 [32m    LOG[39m [38;5;3m[InstanceLoader] [39m[32mConfigModule dependencies initialized[39m[38;5;3m +0ms[39m
[32m[Nest] 21768  - [39m25/02/2026, 07.49.15 [32m    LOG[39m [38;5;3m[InstanceLoader] [39m[32mScheduleModule dependencies initialized[39m[38;5;3m +1ms[39m
[33m[Nest] 21768  - [39m25/02/2026, 07.49.15 [33m   WARN[39m [38;5;3m[UploadService] [39m[33mAWS Credentials (Access Key & Secret Key) are MISSING in environment variables. Uploads will fail if attempted.[39m
[33m[Nest] 21768  - [39m25/02/2026, 07.49.15 [33m   WARN[39m [38;5;3m[StripeService] [39m[33mStripe is running in mock mode. No real transactions will occur.[39m
[32m[Nest] 21768  - [39m25/02/2026, 07.49.15 [32m    LOG[39m [38;5;3m[InstanceLoader] [39m[32mAppModule dependencies initialized[39m[38;5;3m +2ms[39m
[31m[Nest] 21768  - [39m25/02/2026, 07.49.15 [31m  ERROR[39m [38;5;3m[ExceptionHandler] [39m[31mNest can't resolve dependencies of the TenantCacheInterceptor (?, Reflector). Please make sure that the argument "CACHE_MANAGER" at index [0] is available in the DashboardModule context.

Potential solutions:
- Is DashboardModule a valid NestJS module?
- If "CACHE_MANAGER" is a provider, is it part of the current DashboardModule?
- If "CACHE_MANAGER" is exported from a separate @Module, is that module imported within DashboardModule?
  @Module({
    imports: [ /* the Module containing "CACHE_MANAGER" */ ]
  })
[39m
Error: Nest can't resolve dependencies of the TenantCacheInterceptor (?, Reflector). Please make sure that the argument "CACHE_MANAGER" at index [0] is available in the DashboardModule context.

Potential solutions:
- Is DashboardModule a valid NestJS module?
- If "CACHE_MANAGER" is a provider, is it part of the current DashboardModule?
- If "CACHE_MANAGER" is exported from a separate @Module, is that module imported within DashboardModule?
  @Module({
    imports: [ /* the Module containing "CACHE_MANAGER" */ ]
  })

    at Injector.lookupComponentInParentModules (D:\apss-source\SaaS Manajemen Pesantren\backend\node_modules\@nestjs\core\injector\injector.js:262:19)
    at async Injector.resolveComponentInstance (D:\apss-source\SaaS Manajemen Pesantren\backend\node_modules\@nestjs\core\injector\injector.js:215:33)
    at async resolveParam (D:\apss-source\SaaS Manajemen Pesantren\backend\node_modules\@nestjs\core\injector\injector.js:129:38)
    at async Promise.all (index 0)
    at async Injector.resolveConstructorParams (D:\apss-source\SaaS Manajemen Pesantren\backend\node_modules\@nestjs\core\injector\injector.js:144:27)
    at async Injector.loadInstance (D:\apss-source\SaaS Manajemen Pesantren\backend\node_modules\@nestjs\core\injector\injector.js:70:13)
    at async Injector.loadInjectable (D:\apss-source\SaaS Manajemen Pesantren\backend\node_modules\@nestjs\core\injector\injector.js:94:9)
    at async D:\apss-source\SaaS Manajemen Pesantren\backend\node_modules\@nestjs\core\injector\instance-loader.js:80:13
    at async Promise.all (index 2)
    at async InstanceLoader.createInstancesOfInjectables (D:\apss-source\SaaS Manajemen Pesantren\backend\node_modules\@nestjs\core\injector\instance-loader.js:79:9)
    at async D:\apss-source\SaaS Manajemen Pesantren\backend\node_modules\@nestjs\core\injector\instance-loader.js:41:13
    at async Promise.all (index 18)
    at async InstanceLoader.createInstances (D:\apss-source\SaaS Manajemen Pesantren\backend\node_modules\@nestjs\core\injector\instance-loader.js:39:9)
    at async InstanceLoader.createInstancesOfDependencies (D:\apss-source\SaaS Manajemen Pesantren\backend\node_modules\@nestjs\core\injector\instance-loader.js:22:13)
    at async D:\apss-source\SaaS Manajemen Pesantren\backend\node_modules\@nestjs\core\nest-factory.js:108:17
    at async ExceptionsZone.asyncRun (D:\apss-source\SaaS Manajemen Pesantren\backend\node_modules\@nestjs\core\errors\exceptions-zone.js:22:13)
